<?xml version="1.0" encoding="UTF-8"?>
<!-- Generated by org.testng.reporters.JUnitReportReporter -->
<testsuite skipped="0" hostname="Udayaraj-PC" name="myApplication.HomePageTest" tests="1" failures="0" timestamp="28 Jul 2021 04:51:02 GMT" time="40.428" errors="0">
  <testcase name="verifyDress" time="40.428" classname="myApplication.HomePageTest"/>
</testsuite> <!-- myApplication.HomePageTest -->
