<?xml version="1.0" encoding="UTF-8"?>
<!-- Generated by org.testng.reporters.JUnitReportReporter -->
<testsuite skipped="0" hostname="Udayaraj-PC" name="myApplication.PhpHomepagetest" tests="3" failures="0" timestamp="28 Jul 2021 08:08:33 GMT" time="0.312" errors="0">
  <testcase name="verifyAndrprc" time="0.065" classname="myApplication.PhpHomepagetest"/>
  <testcase name="verifyDemo" time="0.159" classname="myApplication.PhpHomepagetest"/>
  <testcase name="verifypricing" time="0.088" classname="myApplication.PhpHomepagetest"/>
</testsuite> <!-- myApplication.PhpHomepagetest -->
